{
  "stats": {
    "suites": 3,
    "tests": 5,
    "passes": 4,
    "pending": 0,
    "failures": 1,
    "start": "2026-05-02T00:20:39.234Z",
    "end": "2026-05-02T00:20:39.291Z",
    "duration": 57,
    "testsRegistered": 5,
    "passPercent": 80,
    "pendingPercent": 0,
    "other": 0,
    "hasOther": false,
    "skipped": 0,
    "hasSkipped": false
  },
  "results": [
    {
      "uuid": "33946436-0c12-498f-a97e-f5e67a94e2dd",
      "title": "",
      "fullFile": "/home/runner/work/gRPCNode/gRPCNode/test/helloworld.test.js",
      "file": "/test/helloworld.test.js",
      "beforeHooks": [],
      "afterHooks": [],
      "tests": [],
      "suites": [
        {
          "uuid": "47e2b319-eb44-4acc-b7cb-3fd23d3a7713",
          "title": "Greeter Service",
          "fullFile": "/home/runner/work/gRPCNode/gRPCNode/test/helloworld.test.js",
          "file": "/test/helloworld.test.js",
          "beforeHooks": [
            {
              "title": "\"before all\" hook in \"Greeter Service\"",
              "fullTitle": "Greeter Service \"before all\" hook in \"Greeter Service\"",
              "timedOut": false,
              "duration": 11,
              "state": null,
              "speed": null,
              "pass": false,
              "fail": false,
              "pending": false,
              "context": null,
              "code": "this.timeout(10000);\nserver = serverFactory();\nserver.bindAsync(\n  `127.0.0.1:${port}`,\n  grpc.ServerCredentials.createInsecure(),\n  (err, assignedPort) => {\n    if (err) return done(err);\n    boundPort = assignedPort;\n    done();\n  },\n);",
              "err": {},
              "uuid": "a27a4c83-4b03-47ea-a363-ecf04aaa8955",
              "parentUUID": "47e2b319-eb44-4acc-b7cb-3fd23d3a7713",
              "isHook": true,
              "skipped": false
            },
            {
              "title": "\"before all\" hook in \"Greeter Service\"",
              "fullTitle": "Greeter Service \"before all\" hook in \"Greeter Service\"",
              "timedOut": false,
              "duration": 12,
              "state": null,
              "speed": null,
              "pass": false,
              "fail": false,
              "pending": false,
              "context": null,
              "code": "this.timeout(5000);\nconst proto = loadProto(PROTO_PATH);\nclient = createClient(proto.helloworld.Greeter, lifecycle.getAddress());\nawait waitForReady(client);",
              "err": {},
              "uuid": "6d35ab56-1326-460b-9a0a-ef494e446cdc",
              "parentUUID": "47e2b319-eb44-4acc-b7cb-3fd23d3a7713",
              "isHook": true,
              "skipped": false
            }
          ],
          "afterHooks": [
            {
              "title": "\"after all\" hook in \"Greeter Service\"",
              "fullTitle": "Greeter Service \"after all\" hook in \"Greeter Service\"",
              "timedOut": false,
              "duration": 2,
              "state": null,
              "speed": null,
              "pass": false,
              "fail": false,
              "pending": false,
              "context": null,
              "code": "this.timeout(5000);\nserver.tryShutdown(done);",
              "err": {},
              "uuid": "f0370067-0913-4551-a1ac-13d25039032e",
              "parentUUID": "47e2b319-eb44-4acc-b7cb-3fd23d3a7713",
              "isHook": true,
              "skipped": false
            }
          ],
          "tests": [],
          "suites": [
            {
              "uuid": "e8af8462-ff35-4367-a419-fb9679d4c574",
              "title": "SayHello",
              "fullFile": "/home/runner/work/gRPCNode/gRPCNode/test/helloworld.test.js",
              "file": "/test/helloworld.test.js",
              "beforeHooks": [],
              "afterHooks": [],
              "tests": [
                {
                  "title": "returns a greeting for a valid name",
                  "fullTitle": "Greeter Service SayHello returns a greeting for a valid name",
                  "timedOut": false,
                  "duration": 15,
                  "state": "passed",
                  "speed": "fast",
                  "pass": true,
                  "fail": false,
                  "pending": false,
                  "context": null,
                  "code": "const res = await client.sayHello({ name: \"World\" });\nconsole.log(\"[SayHello] response:\", res);\nexpect(res).to.have.property(\"message\", \"Hello, World!\");",
                  "err": {},
                  "uuid": "6e47a6c1-a222-4fb3-a6e4-dfe76ac311c4",
                  "parentUUID": "e8af8462-ff35-4367-a419-fb9679d4c574",
                  "isHook": false,
                  "skipped": false
                },
                {
                  "title": "returns a greeting when name is an empty string",
                  "fullTitle": "Greeter Service SayHello returns a greeting when name is an empty string",
                  "timedOut": false,
                  "duration": 3,
                  "state": "failed",
                  "speed": null,
                  "pass": false,
                  "fail": true,
                  "pending": false,
                  "context": null,
                  "code": "const res = await client.sayHello({ name: \"\" });\nconsole.log(\"[SayHello] response:\", res);\nexpect(res.message).to.equal(\"Hello, j!\");",
                  "err": {
                    "message": "AssertionError: expected 'Hello, !' to equal 'Hello, j!'",
                    "estack": "AssertionError: expected 'Hello, !' to equal 'Hello, j!'\n    at Context.<anonymous> (test/helloworld.test.js:45:30)\n    at process.processTicksAndRejections (node:internal/process/task_queues:95:5)",
                    "diff": "- Hello, !\n+ Hello, j!\n"
                  },
                  "uuid": "5a2a3912-649e-4305-a0cc-882448f641e6",
                  "parentUUID": "e8af8462-ff35-4367-a419-fb9679d4c574",
                  "isHook": false,
                  "skipped": false
                },
                {
                  "title": "handles names with special characters",
                  "fullTitle": "Greeter Service SayHello handles names with special characters",
                  "timedOut": false,
                  "duration": 2,
                  "state": "passed",
                  "speed": "fast",
                  "pass": true,
                  "fail": false,
                  "pending": false,
                  "context": null,
                  "code": "const res = await client.sayHello({ name: \"Alice & Bob\" });\nconsole.log(\"[SayHello] response:\", res);\nexpect(res.message).to.equal(\"Hello, Alice & Bob!\");",
                  "err": {},
                  "uuid": "9145bcd7-b53e-4613-9465-04b1e7369e66",
                  "parentUUID": "e8af8462-ff35-4367-a419-fb9679d4c574",
                  "isHook": false,
                  "skipped": false
                }
              ],
              "suites": [],
              "passes": [
                "6e47a6c1-a222-4fb3-a6e4-dfe76ac311c4",
                "9145bcd7-b53e-4613-9465-04b1e7369e66"
              ],
              "failures": [
                "5a2a3912-649e-4305-a0cc-882448f641e6"
              ],
              "pending": [],
              "skipped": [],
              "duration": 20,
              "root": false,
              "rootEmpty": false,
              "_timeout": 10000
            },
            {
              "uuid": "776b7f7e-85bd-4565-ae92-0a173d438bdf",
              "title": "SayHelloAgain",
              "fullFile": "/home/runner/work/gRPCNode/gRPCNode/test/helloworld.test.js",
              "file": "/test/helloworld.test.js",
              "beforeHooks": [],
              "afterHooks": [],
              "tests": [
                {
                  "title": "returns a second distinct greeting",
                  "fullTitle": "Greeter Service SayHelloAgain returns a second distinct greeting",
                  "timedOut": false,
                  "duration": 2,
                  "state": "passed",
                  "speed": "fast",
                  "pass": true,
                  "fail": false,
                  "pending": false,
                  "context": null,
                  "code": "const res = await client.sayHelloAgain({ name: \"World\" });\nconsole.log(\"[SayHelloAgain] response:\", res);\nexpect(res).to.have.property(\"message\", \"Hello again, World!\");",
                  "err": {},
                  "uuid": "6007babb-0042-48eb-811f-f2458a87d113",
                  "parentUUID": "776b7f7e-85bd-4565-ae92-0a173d438bdf",
                  "isHook": false,
                  "skipped": false
                },
                {
                  "title": "is independent from SayHello",
                  "fullTitle": "Greeter Service SayHelloAgain is independent from SayHello",
                  "timedOut": false,
                  "duration": 4,
                  "state": "passed",
                  "speed": "fast",
                  "pass": true,
                  "fail": false,
                  "pending": false,
                  "context": null,
                  "code": "const [first, second] = await Promise.all([\n  client.sayHello({ name: \"Test\" }),\n  client.sayHelloAgain({ name: \"Test\" }),\n]);\nconsole.log(\"[SayHello] response:\", first);\nconsole.log(\"[SayHelloAgain] response:\", second);\nexpect(first.message).to.not.equal(second.message);",
                  "err": {},
                  "uuid": "7bb0ef7f-c655-4939-b48c-20e8a5e95bd5",
                  "parentUUID": "776b7f7e-85bd-4565-ae92-0a173d438bdf",
                  "isHook": false,
                  "skipped": false
                }
              ],
              "suites": [],
              "passes": [
                "6007babb-0042-48eb-811f-f2458a87d113",
                "7bb0ef7f-c655-4939-b48c-20e8a5e95bd5"
              ],
              "failures": [],
              "pending": [],
              "skipped": [],
              "duration": 6,
              "root": false,
              "rootEmpty": false,
              "_timeout": 10000
            }
          ],
          "passes": [],
          "failures": [],
          "pending": [],
          "skipped": [],
          "duration": 0,
          "root": false,
          "rootEmpty": false,
          "_timeout": 10000
        }
      ],
      "passes": [],
      "failures": [],
      "pending": [],
      "skipped": [],
      "duration": 0,
      "root": true,
      "rootEmpty": true,
      "_timeout": 10000
    }
  ],
  "meta": {
    "mocha": {
      "version": "10.8.2"
    },
    "mochawesome": {
      "options": {
        "quiet": false,
        "reportFilename": "test-report",
        "saveHtml": true,
        "saveJson": true,
        "consoleReporter": "spec",
        "useInlineDiffs": false,
        "code": true
      },
      "version": "7.1.4"
    },
    "marge": {
      "options": {
        "reportDir": "reports",
        "reportFilename": "test-report",
        "overwrite": "true",
        "html": "true",
        "json": "true",
        "charts": "true",
        "embeddedScreenshots": "true",
        "inline": "true"
      },
      "version": "6.3.2"
    }
  }
}