{
  "stats": {
    "suites": 3,
    "tests": 5,
    "passes": 4,
    "pending": 0,
    "failures": 1,
    "start": "2026-05-02T00:18:36.382Z",
    "end": "2026-05-02T00:18:36.438Z",
    "duration": 56,
    "testsRegistered": 5,
    "passPercent": 80,
    "pendingPercent": 0,
    "other": 0,
    "hasOther": false,
    "skipped": 0,
    "hasSkipped": false
  },
  "results": [
    {
      "uuid": "b1f095b2-6bd7-494e-adc4-fc2384e6a6d5",
      "title": "",
      "fullFile": "/home/runner/work/gRPCNode/gRPCNode/test/helloworld.test.js",
      "file": "/test/helloworld.test.js",
      "beforeHooks": [],
      "afterHooks": [],
      "tests": [],
      "suites": [
        {
          "uuid": "174e9680-f7ba-429a-858a-902f1fc7c28f",
          "title": "Greeter Service",
          "fullFile": "/home/runner/work/gRPCNode/gRPCNode/test/helloworld.test.js",
          "file": "/test/helloworld.test.js",
          "beforeHooks": [
            {
              "title": "\"before all\" hook in \"Greeter Service\"",
              "fullTitle": "Greeter Service \"before all\" hook in \"Greeter Service\"",
              "timedOut": false,
              "duration": 11,
              "state": null,
              "speed": null,
              "pass": false,
              "fail": false,
              "pending": false,
              "context": null,
              "code": "this.timeout(10000);\nserver = serverFactory();\nserver.bindAsync(\n  `127.0.0.1:${port}`,\n  grpc.ServerCredentials.createInsecure(),\n  (err, assignedPort) => {\n    if (err) return done(err);\n    boundPort = assignedPort;\n    done();\n  },\n);",
              "err": {},
              "uuid": "e488ad23-399b-458d-9075-ad7cef7e3124",
              "parentUUID": "174e9680-f7ba-429a-858a-902f1fc7c28f",
              "isHook": true,
              "skipped": false
            },
            {
              "title": "\"before all\" hook in \"Greeter Service\"",
              "fullTitle": "Greeter Service \"before all\" hook in \"Greeter Service\"",
              "timedOut": false,
              "duration": 12,
              "state": null,
              "speed": null,
              "pass": false,
              "fail": false,
              "pending": false,
              "context": null,
              "code": "this.timeout(5000);\nconst proto = loadProto(PROTO_PATH);\nclient = createClient(proto.helloworld.Greeter, lifecycle.getAddress());\nawait waitForReady(client);",
              "err": {},
              "uuid": "fcd28384-2469-4965-a718-6f069b43aa1a",
              "parentUUID": "174e9680-f7ba-429a-858a-902f1fc7c28f",
              "isHook": true,
              "skipped": false
            }
          ],
          "afterHooks": [
            {
              "title": "\"after all\" hook in \"Greeter Service\"",
              "fullTitle": "Greeter Service \"after all\" hook in \"Greeter Service\"",
              "timedOut": false,
              "duration": 2,
              "state": null,
              "speed": null,
              "pass": false,
              "fail": false,
              "pending": false,
              "context": null,
              "code": "this.timeout(5000);\nserver.tryShutdown(done);",
              "err": {},
              "uuid": "afc96f11-6d94-446e-ae7a-7d4b10e7ae36",
              "parentUUID": "174e9680-f7ba-429a-858a-902f1fc7c28f",
              "isHook": true,
              "skipped": false
            }
          ],
          "tests": [],
          "suites": [
            {
              "uuid": "61e5ca9a-fe79-4f25-8567-84e317fd65a1",
              "title": "SayHello",
              "fullFile": "/home/runner/work/gRPCNode/gRPCNode/test/helloworld.test.js",
              "file": "/test/helloworld.test.js",
              "beforeHooks": [],
              "afterHooks": [],
              "tests": [
                {
                  "title": "returns a greeting for a valid name",
                  "fullTitle": "Greeter Service SayHello returns a greeting for a valid name",
                  "timedOut": false,
                  "duration": 15,
                  "state": "passed",
                  "speed": "fast",
                  "pass": true,
                  "fail": false,
                  "pending": false,
                  "context": null,
                  "code": "const res = await client.sayHello({ name: \"World\" });\nconsole.log(\"[SayHello] response:\", res);\nexpect(res).to.have.property(\"message\", \"Hello, World!\");",
                  "err": {},
                  "uuid": "40624b4a-cae1-40a3-8381-8a0564e89b61",
                  "parentUUID": "61e5ca9a-fe79-4f25-8567-84e317fd65a1",
                  "isHook": false,
                  "skipped": false
                },
                {
                  "title": "returns a greeting when name is an empty string",
                  "fullTitle": "Greeter Service SayHello returns a greeting when name is an empty string",
                  "timedOut": false,
                  "duration": 3,
                  "state": "failed",
                  "speed": null,
                  "pass": false,
                  "fail": true,
                  "pending": false,
                  "context": null,
                  "code": "const res = await client.sayHello({ name: \"\" });\nconsole.log(\"[SayHello] response:\", res);\nexpect(res.message).to.equal(\"Hello, j!\");",
                  "err": {
                    "message": "AssertionError: expected 'Hello, !' to equal 'Hello, j!'",
                    "estack": "AssertionError: expected 'Hello, !' to equal 'Hello, j!'\n    at Context.<anonymous> (test/helloworld.test.js:45:30)\n    at process.processTicksAndRejections (node:internal/process/task_queues:95:5)",
                    "diff": "- Hello, !\n+ Hello, j!\n"
                  },
                  "uuid": "984ecafb-8f68-4d60-b6ab-92c6f0ccc093",
                  "parentUUID": "61e5ca9a-fe79-4f25-8567-84e317fd65a1",
                  "isHook": false,
                  "skipped": false
                },
                {
                  "title": "handles names with special characters",
                  "fullTitle": "Greeter Service SayHello handles names with special characters",
                  "timedOut": false,
                  "duration": 2,
                  "state": "passed",
                  "speed": "fast",
                  "pass": true,
                  "fail": false,
                  "pending": false,
                  "context": null,
                  "code": "const res = await client.sayHello({ name: \"Alice & Bob\" });\nconsole.log(\"[SayHello] response:\", res);\nexpect(res.message).to.equal(\"Hello, Alice & Bob!\");",
                  "err": {},
                  "uuid": "1993822f-aeec-4254-96b3-ee6eed392b8e",
                  "parentUUID": "61e5ca9a-fe79-4f25-8567-84e317fd65a1",
                  "isHook": false,
                  "skipped": false
                }
              ],
              "suites": [],
              "passes": [
                "40624b4a-cae1-40a3-8381-8a0564e89b61",
                "1993822f-aeec-4254-96b3-ee6eed392b8e"
              ],
              "failures": [
                "984ecafb-8f68-4d60-b6ab-92c6f0ccc093"
              ],
              "pending": [],
              "skipped": [],
              "duration": 20,
              "root": false,
              "rootEmpty": false,
              "_timeout": 10000
            },
            {
              "uuid": "f4a26903-64b1-4940-9628-f53ebf95ff24",
              "title": "SayHelloAgain",
              "fullFile": "/home/runner/work/gRPCNode/gRPCNode/test/helloworld.test.js",
              "file": "/test/helloworld.test.js",
              "beforeHooks": [],
              "afterHooks": [],
              "tests": [
                {
                  "title": "returns a second distinct greeting",
                  "fullTitle": "Greeter Service SayHelloAgain returns a second distinct greeting",
                  "timedOut": false,
                  "duration": 2,
                  "state": "passed",
                  "speed": "fast",
                  "pass": true,
                  "fail": false,
                  "pending": false,
                  "context": null,
                  "code": "const res = await client.sayHelloAgain({ name: \"World\" });\nconsole.log(\"[SayHelloAgain] response:\", res);\nexpect(res).to.have.property(\"message\", \"Hello again, World!\");",
                  "err": {},
                  "uuid": "c1a7bb7e-7537-4e71-bb6e-130f0f71297c",
                  "parentUUID": "f4a26903-64b1-4940-9628-f53ebf95ff24",
                  "isHook": false,
                  "skipped": false
                },
                {
                  "title": "is independent from SayHello",
                  "fullTitle": "Greeter Service SayHelloAgain is independent from SayHello",
                  "timedOut": false,
                  "duration": 4,
                  "state": "passed",
                  "speed": "fast",
                  "pass": true,
                  "fail": false,
                  "pending": false,
                  "context": null,
                  "code": "const [first, second] = await Promise.all([\n  client.sayHello({ name: \"Test\" }),\n  client.sayHelloAgain({ name: \"Test\" }),\n]);\nconsole.log(\"[SayHello] response:\", first);\nconsole.log(\"[SayHelloAgain] response:\", second);\nexpect(first.message).to.not.equal(second.message);",
                  "err": {},
                  "uuid": "d1cd0e55-d763-4c8b-835e-b2af8a15d2ea",
                  "parentUUID": "f4a26903-64b1-4940-9628-f53ebf95ff24",
                  "isHook": false,
                  "skipped": false
                }
              ],
              "suites": [],
              "passes": [
                "c1a7bb7e-7537-4e71-bb6e-130f0f71297c",
                "d1cd0e55-d763-4c8b-835e-b2af8a15d2ea"
              ],
              "failures": [],
              "pending": [],
              "skipped": [],
              "duration": 6,
              "root": false,
              "rootEmpty": false,
              "_timeout": 10000
            }
          ],
          "passes": [],
          "failures": [],
          "pending": [],
          "skipped": [],
          "duration": 0,
          "root": false,
          "rootEmpty": false,
          "_timeout": 10000
        }
      ],
      "passes": [],
      "failures": [],
      "pending": [],
      "skipped": [],
      "duration": 0,
      "root": true,
      "rootEmpty": true,
      "_timeout": 10000
    }
  ],
  "meta": {
    "mocha": {
      "version": "10.8.2"
    },
    "mochawesome": {
      "options": {
        "quiet": false,
        "reportFilename": "test-report",
        "saveHtml": true,
        "saveJson": true,
        "consoleReporter": "spec",
        "useInlineDiffs": false,
        "code": true
      },
      "version": "7.1.4"
    },
    "marge": {
      "options": {
        "reportDir": "reports",
        "reportFilename": "test-report",
        "overwrite": "true",
        "html": "true",
        "json": "true",
        "charts": "true",
        "embeddedScreenshots": "true",
        "inline": "true"
      },
      "version": "6.3.2"
    }
  }
}