{
  "stats": {
    "suites": 3,
    "tests": 5,
    "passes": 5,
    "pending": 0,
    "failures": 0,
    "start": "2026-05-02T17:02:25.047Z",
    "end": "2026-05-02T17:02:25.126Z",
    "duration": 79,
    "testsRegistered": 5,
    "passPercent": 100,
    "pendingPercent": 0,
    "other": 0,
    "hasOther": false,
    "skipped": 0,
    "hasSkipped": false
  },
  "results": [
    {
      "uuid": "5299539b-619f-4126-a2aa-eb911841191b",
      "title": "",
      "fullFile": "C:\\Users\\erram\\Desktop\\gRPC\\gRPCNode\\test\\helloworld.test.js",
      "file": "\\test\\helloworld.test.js",
      "beforeHooks": [],
      "afterHooks": [],
      "tests": [],
      "suites": [
        {
          "uuid": "55e8e7e4-1281-40d3-86d9-22cfe1907181",
          "title": "Greeter Service",
          "fullFile": "C:\\Users\\erram\\Desktop\\gRPC\\gRPCNode\\test\\helloworld.test.js",
          "file": "\\test\\helloworld.test.js",
          "beforeHooks": [
            {
              "title": "\"before all\" hook in \"Greeter Service\"",
              "fullTitle": "Greeter Service \"before all\" hook in \"Greeter Service\"",
              "timedOut": false,
              "duration": 15,
              "state": null,
              "speed": null,
              "pass": false,
              "fail": false,
              "pending": false,
              "context": null,
              "code": "this.timeout(10000);\nserver = serverFactory();\nserver.bindAsync(\n  `127.0.0.1:${port}`,\n  grpc.ServerCredentials.createInsecure(),\n  (err, assignedPort) => {\n    if (err) return done(err);\n    boundPort = assignedPort;\n    done();\n  },\n);",
              "err": {},
              "uuid": "8122ef08-1f16-47d5-bcda-b53a48a29711",
              "parentUUID": "55e8e7e4-1281-40d3-86d9-22cfe1907181",
              "isHook": true,
              "skipped": false
            },
            {
              "title": "\"before all\" hook in \"Greeter Service\"",
              "fullTitle": "Greeter Service \"before all\" hook in \"Greeter Service\"",
              "timedOut": false,
              "duration": 24,
              "state": null,
              "speed": null,
              "pass": false,
              "fail": false,
              "pending": false,
              "context": null,
              "code": "this.timeout(5000);\nconst proto = loadProto(PROTO_PATH);\nclient = createClient(proto.helloworld.Greeter, lifecycle.getAddress());\nawait waitForReady(client);",
              "err": {},
              "uuid": "90e05409-9521-4bd1-8e64-ccdf8f91d678",
              "parentUUID": "55e8e7e4-1281-40d3-86d9-22cfe1907181",
              "isHook": true,
              "skipped": false
            }
          ],
          "afterHooks": [
            {
              "title": "\"after all\" hook in \"Greeter Service\"",
              "fullTitle": "Greeter Service \"after all\" hook in \"Greeter Service\"",
              "timedOut": false,
              "duration": 4,
              "state": null,
              "speed": null,
              "pass": false,
              "fail": false,
              "pending": false,
              "context": null,
              "code": "this.timeout(5000);\nserver.tryShutdown(done);",
              "err": {},
              "uuid": "3c1f6088-4365-40b0-a17a-5f5d302fc987",
              "parentUUID": "55e8e7e4-1281-40d3-86d9-22cfe1907181",
              "isHook": true,
              "skipped": false
            }
          ],
          "tests": [],
          "suites": [
            {
              "uuid": "fcd0fa36-73ff-4e1d-ac67-df987cb15f90",
              "title": "SayHello",
              "fullFile": "C:\\Users\\erram\\Desktop\\gRPC\\gRPCNode\\test\\helloworld.test.js",
              "file": "\\test\\helloworld.test.js",
              "beforeHooks": [],
              "afterHooks": [],
              "tests": [
                {
                  "title": "returns a greeting for a valid name",
                  "fullTitle": "Greeter Service SayHello returns a greeting for a valid name",
                  "timedOut": false,
                  "duration": 18,
                  "state": "passed",
                  "speed": "fast",
                  "pass": true,
                  "fail": false,
                  "pending": false,
                  "context": null,
                  "code": "const res = await client.sayHello({ name: \"World\" });\nconsole.log(\"[SayHello] response:\", res);\nexpect(res).to.have.property(\"message\", \"Hello, World!\");",
                  "err": {},
                  "uuid": "f6d1f0ce-0dde-41e7-ba52-2cfcc0b00b16",
                  "parentUUID": "fcd0fa36-73ff-4e1d-ac67-df987cb15f90",
                  "isHook": false,
                  "skipped": false
                },
                {
                  "title": "returns a greeting when name is an empty string",
                  "fullTitle": "Greeter Service SayHello returns a greeting when name is an empty string",
                  "timedOut": false,
                  "duration": 3,
                  "state": "passed",
                  "speed": "fast",
                  "pass": true,
                  "fail": false,
                  "pending": false,
                  "context": null,
                  "code": "const res = await client.sayHello({ name: \"\" });\nconsole.log(\"[SayHello] response:\", res);\nexpect(res.message).to.equal(\"Hello, !\");",
                  "err": {},
                  "uuid": "eb664438-3811-4f73-9752-931f17c26f87",
                  "parentUUID": "fcd0fa36-73ff-4e1d-ac67-df987cb15f90",
                  "isHook": false,
                  "skipped": false
                },
                {
                  "title": "handles names with special characters",
                  "fullTitle": "Greeter Service SayHello handles names with special characters",
                  "timedOut": false,
                  "duration": 2,
                  "state": "passed",
                  "speed": "fast",
                  "pass": true,
                  "fail": false,
                  "pending": false,
                  "context": null,
                  "code": "const res = await client.sayHello({ name: \"Alice & Bob\" });\nconsole.log(\"[SayHello] response:\", res);\nexpect(res.message).to.equal(\"Hello, Alice & Bob!\");",
                  "err": {},
                  "uuid": "89c47c1d-7463-4f2a-95f3-99b8cca98068",
                  "parentUUID": "fcd0fa36-73ff-4e1d-ac67-df987cb15f90",
                  "isHook": false,
                  "skipped": false
                }
              ],
              "suites": [],
              "passes": [
                "f6d1f0ce-0dde-41e7-ba52-2cfcc0b00b16",
                "eb664438-3811-4f73-9752-931f17c26f87",
                "89c47c1d-7463-4f2a-95f3-99b8cca98068"
              ],
              "failures": [],
              "pending": [],
              "skipped": [],
              "duration": 23,
              "root": false,
              "rootEmpty": false,
              "_timeout": 10000
            },
            {
              "uuid": "508ba2b7-6053-40c9-9600-e1d76e30e4c2",
              "title": "SayHelloAgain",
              "fullFile": "C:\\Users\\erram\\Desktop\\gRPC\\gRPCNode\\test\\helloworld.test.js",
              "file": "\\test\\helloworld.test.js",
              "beforeHooks": [],
              "afterHooks": [],
              "tests": [
                {
                  "title": "returns a second distinct greeting",
                  "fullTitle": "Greeter Service SayHelloAgain returns a second distinct greeting",
                  "timedOut": false,
                  "duration": 2,
                  "state": "passed",
                  "speed": "fast",
                  "pass": true,
                  "fail": false,
                  "pending": false,
                  "context": null,
                  "code": "const res = await client.sayHelloAgain({ name: \"World\" });\nconsole.log(\"[SayHelloAgain] response:\", res);\nexpect(res).to.have.property(\"message\", \"Hello again, World!\");",
                  "err": {},
                  "uuid": "ab0d5b67-f056-4db6-930a-8fed17a76aa7",
                  "parentUUID": "508ba2b7-6053-40c9-9600-e1d76e30e4c2",
                  "isHook": false,
                  "skipped": false
                },
                {
                  "title": "is independent from SayHello",
                  "fullTitle": "Greeter Service SayHelloAgain is independent from SayHello",
                  "timedOut": false,
                  "duration": 4,
                  "state": "passed",
                  "speed": "fast",
                  "pass": true,
                  "fail": false,
                  "pending": false,
                  "context": null,
                  "code": "const [first, second] = await Promise.all([\n  client.sayHello({ name: \"Test\" }),\n  client.sayHelloAgain({ name: \"Test\" }),\n]);\nconsole.log(\"[SayHello] response:\", first);\nconsole.log(\"[SayHelloAgain] response:\", second);\nexpect(first.message).to.not.equal(second.message);",
                  "err": {},
                  "uuid": "6b389457-bfb0-4dcb-a697-af76c962630a",
                  "parentUUID": "508ba2b7-6053-40c9-9600-e1d76e30e4c2",
                  "isHook": false,
                  "skipped": false
                }
              ],
              "suites": [],
              "passes": [
                "ab0d5b67-f056-4db6-930a-8fed17a76aa7",
                "6b389457-bfb0-4dcb-a697-af76c962630a"
              ],
              "failures": [],
              "pending": [],
              "skipped": [],
              "duration": 6,
              "root": false,
              "rootEmpty": false,
              "_timeout": 10000
            }
          ],
          "passes": [],
          "failures": [],
          "pending": [],
          "skipped": [],
          "duration": 0,
          "root": false,
          "rootEmpty": false,
          "_timeout": 10000
        }
      ],
      "passes": [],
      "failures": [],
      "pending": [],
      "skipped": [],
      "duration": 0,
      "root": true,
      "rootEmpty": true,
      "_timeout": 10000
    }
  ],
  "meta": {
    "mocha": {
      "version": "10.8.2"
    },
    "mochawesome": {
      "options": {
        "quiet": false,
        "reportFilename": "test-report",
        "saveHtml": true,
        "saveJson": true,
        "consoleReporter": "spec",
        "useInlineDiffs": false,
        "code": true
      },
      "version": "7.1.4"
    },
    "marge": {
      "options": {
        "reportDir": "reports",
        "reportFilename": "test-report",
        "overwrite": "true",
        "html": "true",
        "json": "true",
        "charts": "true",
        "embeddedScreenshots": "true",
        "inline": "true"
      },
      "version": "6.3.2"
    }
  }
}